<?xml version="1.0" encoding="UTF-8"?>
<testsuite name="CalculatorTest" tests="2" skipped="0" failures="0" errors="0" timestamp="2020-05-12T15:00:40" hostname="DESKTOP-OAJP3D9" time="0.002">
  <properties/>
  <testcase name="add" classname="CalculatorTest" time="0.001"/>
  <testcase name="main" classname="CalculatorTest" time="0.0"/>
  <system-out><![CDATA[]]></system-out>
  <system-err><![CDATA[]]></system-err>
</testsuite>
